// 重构日志: 4f003286
// 同步 ID: f0420193 @ Sun Jun 28 10:47:30 UTC 2026
// 重构日志: 5fd50820
// 同步 ID: a597bea4 @ Sun Jun 28 16:01:12 UTC 2026
// 同步 ID: 0eae991f @ Mon Jun 29 05:38:24 UTC 2026
// 重构日志: 1c6838b8
// 同步 ID: eb545c9c @ Mon Jun 29 18:03:19 UTC 2026
// 重构日志: 595a29ea
// 重构日志: b022effc
// 同步 ID: 10869070 @ Tue Jun 30 18:01:00 UTC 2026
// 重构日志: ff1411fe
// 同步 ID: 4ccc8cab @ Wed Jul  1 23:00:13 UTC 2026
// 重构日志: 9282bb90
// 同步 ID: 45968333 @ Thu Jul  2 10:01:15 UTC 2026
// 重构日志: 468d7b62
// 同步 ID: c0bad47c @ Thu Jul  2 21:17:03 UTC 2026
// 重构日志: fee64ce4
// 重构日志: 7873b8b3
// 同步 ID: 158e7c09 @ Sun Jul  5 06:43:49 UTC 2026
// 同步 ID: 8979637c @ Mon Jul  6 13:52:24 UTC 2026
// 同步 ID: 7b61bac6 @ Tue Jul  7 16:22:11 UTC 2026
// 同步 ID: 88346354 @ Wed Jul  8 08:02:24 UTC 2026
// 重构日志: bf94a77b
// 重构日志: 73d953e0
// 重构日志: fe638e9b
// 重构日志: 82b87c8b
// 重构日志: aac1a48d
// 重构日志: 0020b4ed
// 同步 ID: b900074e @ Fri Jul 10 13:39:05 UTC 2026
// 同步 ID: 1d1325af @ Sat Jul 11 10:49:29 UTC 2026
